   Lavadora: 
Lavadora de color, con peso actual 0 y peso maximo 5; sus prendas son

   Lavadora: 
Lavadora de color, con peso actual 0 y peso maximo 5; sus prendas son

   Lavadora: 
Lavadora de color, con peso actual 2 y peso maximo 5; sus prendas son
2 true

   Cubeta: 
Ropa de color de la cubeta: 
Ropa blanca de la cubeta: 

   Cubeta: 
Ropa de color de la cubeta: 
3 true
2 true
Ropa blanca de la cubeta: 

   Lavadora: 
Lavadora de color, con peso actual 5 y peso maximo 5; sus prendas son
2 true
3 true

   Cubeta: 
Ropa de color de la cubeta: 
2 true
Ropa blanca de la cubeta: 

   Lavadora: 
Lavadora no inicializada

   Lavadora: 
Lavadora de color, con peso actual 2 y peso maximo 3; sus prendas son
2 true

   Cubeta: 
Ropa de color de la cubeta: 
Ropa blanca de la cubeta: 

   Lavadora: 
Lavadora de blanco, con peso actual 0 y peso maximo 5; sus prendas son

