0
0
0
0
47
20
0
1
20
50
47
1
50
20
56
56
4
-7
0
20
-9
24
0
3
17
4
4
19
4
17
4
17
4
0
4
0
4
26
26
20
5
5
10
17 17 26 30 35
0
20
5
17 17 26 30 35
7
17
30
10
20
13
6
13
17
20 24 19 19 28 26 30
7
20
17 26 30 35 31 32 33 32
8
2
7
20 24 19 19 28 26 30 29
26 30 35 31 32 33 32
7
4
18
9
33
6
26
26
35
13 18 20 24 27
13 18 20 24 27
13
12
12
13
30
6
30 35 31 32 33 32 -50 -53 -48
38
9
-42
-42
43
-45
43
20
-45
-45
5
31
27
19
43
10
10
43
13
13
10
9
33 32 -50 -53 -48 -44 -42 -45 -37
19 28 26 30 29 26 33 35 30 32 38 38 43
31 30 39 9 -9
